<?xml version="1.0" encoding="UTF-8"?>
<coverage generated="1772441959287" clover="3.2.0">
  <project timestamp="1772441959287" name="All files">
    <metrics statements="45" coveredstatements="40" conditionals="15" coveredconditionals="9" methods="16" coveredmethods="14" elements="76" coveredelements="63" complexity="0" loc="45" ncloc="45" packages="1" files="4" classes="4"/>
    <file name="Body.js" path="D:\react-practice\src\components\Body.js">
      <metrics statements="30" coveredstatements="25" conditionals="8" coveredconditionals="6" methods="10" coveredmethods="8"/>
      <line num="7" count="1" type="stmt"/>
      <line num="9" count="4" type="stmt"/>
      <line num="11" count="4" type="stmt"/>
      <line num="13" count="4" type="stmt"/>
      <line num="15" count="4" type="stmt"/>
      <line num="17" count="4" type="stmt"/>
      <line num="18" count="1" type="stmt"/>
      <line num="21" count="4" type="stmt"/>
      <line num="22" count="1" type="stmt"/>
      <line num="26" count="1" type="stmt"/>
      <line num="29" count="1" type="cond" truecount="1" falsecount="1"/>
      <line num="31" count="1" type="stmt"/>
      <line num="32" count="9" type="stmt"/>
      <line num="37" count="1" type="stmt"/>
      <line num="38" count="1" type="stmt"/>
      <line num="41" count="4" type="stmt"/>
      <line num="44" count="4" type="cond" truecount="1" falsecount="1"/>
      <line num="46" count="0" type="stmt"/>
      <line num="49" count="4" type="cond" truecount="2" falsecount="0"/>
      <line num="54" count="1" type="stmt"/>
      <line num="60" count="1" type="stmt"/>
      <line num="61" count="1" type="stmt"/>
      <line num="63" count="1" type="stmt"/>
      <line num="64" count="8" type="stmt"/>
      <line num="67" count="1" type="stmt"/>
      <line num="74" count="0" type="stmt"/>
      <line num="75" count="0" type="stmt"/>
      <line num="76" count="0" type="stmt"/>
      <line num="78" count="0" type="stmt"/>
      <line num="85" count="17" type="stmt"/>
    </file>
    <file name="ContactUs.js" path="D:\react-practice\src\components\ContactUs.js">
      <metrics statements="2" coveredstatements="2" conditionals="0" coveredconditionals="0" methods="1" coveredmethods="1"/>
      <line num="1" count="1" type="stmt"/>
      <line num="2" count="2" type="stmt"/>
    </file>
    <file name="Header.js" path="D:\react-practice\src\components\Header.js">
      <metrics statements="6" coveredstatements="6" conditionals="4" coveredconditionals="2" methods="2" coveredmethods="2"/>
      <line num="7" count="1" type="stmt"/>
      <line num="9" count="3" type="stmt"/>
      <line num="11" count="3" type="stmt"/>
      <line num="13" count="3" type="stmt"/>
      <line num="15" count="3" type="stmt"/>
      <line num="29" count="1" type="cond" truecount="1" falsecount="1"/>
    </file>
    <file name="RestaurantCard.js" path="D:\react-practice\src\components\RestaurantCard.js">
      <metrics statements="7" coveredstatements="7" conditionals="3" coveredconditionals="1" methods="3" coveredmethods="3"/>
      <line num="3" count="2" type="stmt"/>
      <line num="4" count="19" type="stmt"/>
      <line num="7" count="19" type="cond" truecount="1" falsecount="2"/>
      <line num="9" count="19" type="stmt"/>
      <line num="22" count="2" type="stmt"/>
      <line num="23" count="5" type="stmt"/>
      <line num="24" count="7" type="stmt"/>
    </file>
  </project>
</coverage>
