<?xml version="1.0" encoding="UTF-8"?>
<coverage generated="1772451665761" clover="3.2.0">
  <project timestamp="1772451665761" name="All files">
    <metrics statements="30" coveredstatements="29" conditionals="8" coveredconditionals="6" methods="10" coveredmethods="10" elements="48" coveredelements="45" complexity="0" loc="30" ncloc="30" packages="1" files="1" classes="1"/>
    <file name="Body.js" path="D:\react-practice\src\components\Body.js">
      <metrics statements="30" coveredstatements="29" conditionals="8" coveredconditionals="6" methods="10" coveredmethods="10"/>
      <line num="7" count="1" type="stmt"/>
      <line num="9" count="7" type="stmt"/>
      <line num="11" count="7" type="stmt"/>
      <line num="13" count="7" type="stmt"/>
      <line num="15" count="7" type="stmt"/>
      <line num="17" count="7" type="stmt"/>
      <line num="18" count="2" type="stmt"/>
      <line num="21" count="7" type="stmt"/>
      <line num="22" count="2" type="stmt"/>
      <line num="26" count="2" type="stmt"/>
      <line num="29" count="2" type="cond" truecount="1" falsecount="1"/>
      <line num="31" count="2" type="stmt"/>
      <line num="32" count="18" type="stmt"/>
      <line num="37" count="2" type="stmt"/>
      <line num="38" count="2" type="stmt"/>
      <line num="41" count="7" type="stmt"/>
      <line num="44" count="7" type="cond" truecount="1" falsecount="1"/>
      <line num="46" count="0" type="stmt"/>
      <line num="49" count="7" type="cond" truecount="2" falsecount="0"/>
      <line num="54" count="1" type="stmt"/>
      <line num="60" count="1" type="stmt"/>
      <line num="61" count="1" type="stmt"/>
      <line num="63" count="1" type="stmt"/>
      <line num="64" count="8" type="stmt"/>
      <line num="67" count="1" type="stmt"/>
      <line num="74" count="1" type="stmt"/>
      <line num="75" count="1" type="stmt"/>
      <line num="76" count="8" type="stmt"/>
      <line num="78" count="1" type="stmt"/>
      <line num="85" count="31" type="stmt"/>
    </file>
  </project>
</coverage>
