{"D:\\react-practice\\src\\components\\Body.js": {"path":"D:\\react-practice\\src\\components\\Body.js","statementMap":{"0":{"start":{"line":7,"column":13},"end":{"line":93,"column":1}},"1":{"start":{"line":9,"column":54},"end":{"line":9,"column":66}},"2":{"start":{"line":11,"column":56},"end":{"line":11,"column":68}},"3":{"start":{"line":13,"column":40},"end":{"line":13,"column":52}},"4":{"start":{"line":15,"column":30},"end":{"line":15,"column":58}},"5":{"start":{"line":17,"column":4},"end":{"line":19,"column":10}},"6":{"start":{"line":18,"column":8},"end":{"line":18,"column":20}},"7":{"start":{"line":21,"column":22},"end":{"line":39,"column":5}},"8":{"start":{"line":22,"column":21},"end":{"line":24,"column":9}},"9":{"start":{"line":26,"column":21},"end":{"line":26,"column":38}},"10":{"start":{"line":29,"column":8},"end":{"line":29,"column":94}},"11":{"start":{"line":31,"column":29},"end":{"line":33,"column":9}},"12":{"start":{"line":32,"column":21},"end":{"line":32,"column":72}},"13":{"start":{"line":37,"column":8},"end":{"line":37,"column":43}},"14":{"start":{"line":38,"column":8},"end":{"line":38,"column":44}},"15":{"start":{"line":41,"column":25},"end":{"line":41,"column":42}},"16":{"start":{"line":44,"column":4},"end":{"line":47,"column":5}},"17":{"start":{"line":46,"column":8},"end":{"line":46,"column":58}},"18":{"start":{"line":49,"column":4},"end":{"line":92,"column":5}},"19":{"start":{"line":54,"column":24},"end":{"line":54,"column":54}},"20":{"start":{"line":60,"column":28},"end":{"line":60,"column":52}},"21":{"start":{"line":61,"column":28},"end":{"line":61,"column":59}},"22":{"start":{"line":63,"column":56},"end":{"line":65,"column":29}},"23":{"start":{"line":64,"column":39},"end":{"line":64,"column":104}},"24":{"start":{"line":67,"column":28},"end":{"line":67,"column":71}},"25":{"start":{"line":74,"column":24},"end":{"line":74,"column":54}},"26":{"start":{"line":75,"column":45},"end":{"line":77,"column":25}},"27":{"start":{"line":76,"column":37},"end":{"line":76,"column":61}},"28":{"start":{"line":78,"column":24},"end":{"line":78,"column":60}},"29":{"start":{"line":85,"column":20},"end":{"line":88,"column":27}}},"fnMap":{"0":{"name":"(anonymous_0)","decl":{"start":{"line":7,"column":13},"end":{"line":7,"column":14}},"loc":{"start":{"line":7,"column":19},"end":{"line":93,"column":1}},"line":7},"1":{"name":"(anonymous_1)","decl":{"start":{"line":17,"column":14},"end":{"line":17,"column":15}},"loc":{"start":{"line":17,"column":18},"end":{"line":19,"column":5}},"line":17},"2":{"name":"(anonymous_2)","decl":{"start":{"line":21,"column":22},"end":{"line":21,"column":23}},"loc":{"start":{"line":21,"column":34},"end":{"line":39,"column":5}},"line":21},"3":{"name":"(anonymous_3)","decl":{"start":{"line":32,"column":12},"end":{"line":32,"column":13}},"loc":{"start":{"line":32,"column":21},"end":{"line":32,"column":72}},"line":32},"4":{"name":"(anonymous_4)","decl":{"start":{"line":53,"column":201},"end":{"line":53,"column":202}},"loc":{"start":{"line":53,"column":206},"end":{"line":55,"column":21}},"line":53},"5":{"name":"(anonymous_5)","decl":{"start":{"line":56,"column":80},"end":{"line":56,"column":81}},"loc":{"start":{"line":56,"column":84},"end":{"line":68,"column":25}},"line":56},"6":{"name":"(anonymous_6)","decl":{"start":{"line":64,"column":32},"end":{"line":64,"column":33}},"loc":{"start":{"line":64,"column":39},"end":{"line":64,"column":104}},"line":64},"7":{"name":"(anonymous_7)","decl":{"start":{"line":73,"column":29},"end":{"line":73,"column":30}},"loc":{"start":{"line":73,"column":34},"end":{"line":79,"column":21}},"line":73},"8":{"name":"(anonymous_8)","decl":{"start":{"line":76,"column":28},"end":{"line":76,"column":29}},"loc":{"start":{"line":76,"column":37},"end":{"line":76,"column":61}},"line":76},"9":{"name":"(anonymous_9)","decl":{"start":{"line":84,"column":41},"end":{"line":84,"column":42}},"loc":{"start":{"line":85,"column":20},"end":{"line":88,"column":27}},"line":85}},"branchMap":{"0":{"loc":{"start":{"line":29,"column":8},"end":{"line":29,"column":94}},"type":"binary-expr","locations":[{"start":{"line":29,"column":8},"end":{"line":29,"column":88}},{"start":{"line":29,"column":92},"end":{"line":29,"column":94}}],"line":29},"1":{"loc":{"start":{"line":44,"column":4},"end":{"line":47,"column":5}},"type":"if","locations":[{"start":{"line":44,"column":4},"end":{"line":47,"column":5}},{"start":{},"end":{}}],"line":44},"2":{"loc":{"start":{"line":49,"column":11},"end":{"line":92,"column":5}},"type":"cond-expr","locations":[{"start":{"line":49,"column":44},"end":{"line":49,"column":54}},{"start":{"line":50,"column":8},"end":{"line":91,"column":14}}],"line":49},"3":{"loc":{"start":{"line":86,"column":25},"end":{"line":87,"column":66}},"type":"cond-expr","locations":[{"start":{"line":86,"column":48},"end":{"line":86,"column":89}},{"start":{"line":87,"column":27},"end":{"line":87,"column":65}}],"line":86}},"s":{"0":1,"1":4,"2":4,"3":4,"4":4,"5":4,"6":1,"7":4,"8":1,"9":1,"10":1,"11":1,"12":9,"13":1,"14":1,"15":4,"16":4,"17":0,"18":4,"19":1,"20":1,"21":1,"22":1,"23":8,"24":1,"25":0,"26":0,"27":0,"28":0,"29":17},"f":{"0":4,"1":1,"2":1,"3":9,"4":1,"5":1,"6":8,"7":0,"8":0,"9":17},"b":{"0":[1,0],"1":[0,4],"2":[1,3],"3":[6,11]},"_coverageSchema":"1a1c01bbd47fc00a2c39e90264f33305004495a9","hash":"e033885ff685898b48bcc962b7fcb71435b99aaf"}
,"D:\\react-practice\\src\\components\\ContactUs.js": {"path":"D:\\react-practice\\src\\components\\ContactUs.js","statementMap":{"0":{"start":{"line":1,"column":18},"end":{"line":12,"column":1}},"1":{"start":{"line":2,"column":4},"end":{"line":11,"column":6}}},"fnMap":{"0":{"name":"(anonymous_0)","decl":{"start":{"line":1,"column":18},"end":{"line":1,"column":19}},"loc":{"start":{"line":1,"column":22},"end":{"line":12,"column":1}},"line":1}},"branchMap":{},"s":{"0":1,"1":2},"f":{"0":2},"b":{},"_coverageSchema":"1a1c01bbd47fc00a2c39e90264f33305004495a9","hash":"38e4889ca26c2b2546ba290f918c39b54011a641"}
,"D:\\react-practice\\src\\components\\Header.js": {"path":"D:\\react-practice\\src\\components\\Header.js","statementMap":{"0":{"start":{"line":7,"column":15},"end":{"line":36,"column":1}},"1":{"start":{"line":9,"column":39},"end":{"line":9,"column":56}},"2":{"start":{"line":11,"column":25},"end":{"line":11,"column":42}},"3":{"start":{"line":13,"column":17},"end":{"line":13,"column":40}},"4":{"start":{"line":15,"column":4},"end":{"line":35,"column":5}},"5":{"start":{"line":29,"column":24},"end":{"line":29,"column":94}}},"fnMap":{"0":{"name":"(anonymous_0)","decl":{"start":{"line":7,"column":15},"end":{"line":7,"column":16}},"loc":{"start":{"line":7,"column":21},"end":{"line":36,"column":1}},"line":7},"1":{"name":"(anonymous_1)","decl":{"start":{"line":28,"column":59},"end":{"line":28,"column":60}},"loc":{"start":{"line":28,"column":65},"end":{"line":30,"column":21}},"line":28}},"branchMap":{"0":{"loc":{"start":{"line":22,"column":58},"end":{"line":23,"column":51}},"type":"cond-expr","locations":[{"start":{"line":22,"column":73},"end":{"line":22,"column":100}},{"start":{"line":23,"column":23},"end":{"line":23,"column":51}}],"line":22},"1":{"loc":{"start":{"line":29,"column":24},"end":{"line":29,"column":93}},"type":"cond-expr","locations":[{"start":{"line":29,"column":51},"end":{"line":29,"column":71}},{"start":{"line":29,"column":74},"end":{"line":29,"column":93}}],"line":29}},"s":{"0":1,"1":3,"2":3,"3":3,"4":3,"5":1},"f":{"0":3,"1":1},"b":{"0":[3,0],"1":[1,0]},"_coverageSchema":"1a1c01bbd47fc00a2c39e90264f33305004495a9","hash":"d9ae8b7645d52165da7556034f8635dc57c61d91"}
,"D:\\react-practice\\src\\components\\RestaurantCard.js": {"path":"D:\\react-practice\\src\\components\\RestaurantCard.js","statementMap":{"0":{"start":{"line":3,"column":23},"end":{"line":18,"column":1}},"1":{"start":{"line":4,"column":22},"end":{"line":4,"column":27}},"2":{"start":{"line":7,"column":76},"end":{"line":7,"column":95}},"3":{"start":{"line":9,"column":2},"end":{"line":17,"column":5}},"4":{"start":{"line":22,"column":28},"end":{"line":31,"column":1}},"5":{"start":{"line":23,"column":3},"end":{"line":30,"column":5}},"6":{"start":{"line":24,"column":8},"end":{"line":29,"column":9}}},"fnMap":{"0":{"name":"(anonymous_0)","decl":{"start":{"line":3,"column":23},"end":{"line":3,"column":24}},"loc":{"start":{"line":3,"column":34},"end":{"line":18,"column":1}},"line":3},"1":{"name":"(anonymous_1)","decl":{"start":{"line":22,"column":28},"end":{"line":22,"column":29}},"loc":{"start":{"line":22,"column":48},"end":{"line":31,"column":1}},"line":22},"2":{"name":"(anonymous_2)","decl":{"start":{"line":23,"column":10},"end":{"line":23,"column":11}},"loc":{"start":{"line":23,"column":19},"end":{"line":30,"column":5}},"line":23}},"branchMap":{"0":{"loc":{"start":{"line":7,"column":14},"end":{"line":7,"column":27}},"type":"default-arg","locations":[{"start":{"line":7,"column":25},"end":{"line":7,"column":27}}],"line":7},"1":{"loc":{"start":{"line":7,"column":76},"end":{"line":7,"column":95}},"type":"binary-expr","locations":[{"start":{"line":7,"column":76},"end":{"line":7,"column":89}},{"start":{"line":7,"column":93},"end":{"line":7,"column":95}}],"line":7}},"s":{"0":2,"1":19,"2":19,"3":19,"4":2,"5":5,"6":7},"f":{"0":19,"1":5,"2":7},"b":{"0":[0],"1":[19,0]},"_coverageSchema":"1a1c01bbd47fc00a2c39e90264f33305004495a9","hash":"6d1a439ecc6fc28380b9a166a78cace39401616b"}
}
