TN:
SF:src\components\Body.js
FN:7,(anonymous_0)
FN:17,(anonymous_1)
FN:21,(anonymous_2)
FN:32,(anonymous_3)
FN:53,(anonymous_4)
FN:56,(anonymous_5)
FN:64,(anonymous_6)
FN:73,(anonymous_7)
FN:76,(anonymous_8)
FN:84,(anonymous_9)
FNF:10
FNH:8
FNDA:4,(anonymous_0)
FNDA:1,(anonymous_1)
FNDA:1,(anonymous_2)
FNDA:9,(anonymous_3)
FNDA:1,(anonymous_4)
FNDA:1,(anonymous_5)
FNDA:8,(anonymous_6)
FNDA:0,(anonymous_7)
FNDA:0,(anonymous_8)
FNDA:17,(anonymous_9)
DA:7,1
DA:9,4
DA:11,4
DA:13,4
DA:15,4
DA:17,4
DA:18,1
DA:21,4
DA:22,1
DA:26,1
DA:29,1
DA:31,1
DA:32,9
DA:37,1
DA:38,1
DA:41,4
DA:44,4
DA:46,0
DA:49,4
DA:54,1
DA:60,1
DA:61,1
DA:63,1
DA:64,8
DA:67,1
DA:74,0
DA:75,0
DA:76,0
DA:78,0
DA:85,17
LF:30
LH:25
BRDA:29,0,0,1
BRDA:29,0,1,0
BRDA:44,1,0,0
BRDA:44,1,1,4
BRDA:49,2,0,1
BRDA:49,2,1,3
BRDA:86,3,0,6
BRDA:86,3,1,11
BRF:8
BRH:6
end_of_record
TN:
SF:src\components\ContactUs.js
FN:1,(anonymous_0)
FNF:1
FNH:1
FNDA:2,(anonymous_0)
DA:1,1
DA:2,2
LF:2
LH:2
BRF:0
BRH:0
end_of_record
TN:
SF:src\components\Header.js
FN:7,(anonymous_0)
FN:28,(anonymous_1)
FNF:2
FNH:2
FNDA:3,(anonymous_0)
FNDA:1,(anonymous_1)
DA:7,1
DA:9,3
DA:11,3
DA:13,3
DA:15,3
DA:29,1
LF:6
LH:6
BRDA:22,0,0,3
BRDA:22,0,1,0
BRDA:29,1,0,1
BRDA:29,1,1,0
BRF:4
BRH:2
end_of_record
TN:
SF:src\components\RestaurantCard.js
FN:3,(anonymous_0)
FN:22,(anonymous_1)
FN:23,(anonymous_2)
FNF:3
FNH:3
FNDA:19,(anonymous_0)
FNDA:5,(anonymous_1)
FNDA:7,(anonymous_2)
DA:3,2
DA:4,19
DA:7,19
DA:9,19
DA:22,2
DA:23,5
DA:24,7
LF:7
LH:7
BRDA:7,0,0,0
BRDA:7,1,0,19
BRDA:7,1,1,0
BRF:3
BRH:1
end_of_record
