TN:
SF:src\components\Body.js
FN:7,(anonymous_0)
FN:17,(anonymous_1)
FN:21,(anonymous_2)
FN:32,(anonymous_3)
FN:53,(anonymous_4)
FN:56,(anonymous_5)
FN:64,(anonymous_6)
FN:73,(anonymous_7)
FN:76,(anonymous_8)
FN:84,(anonymous_9)
FNF:10
FNH:10
FNDA:7,(anonymous_0)
FNDA:2,(anonymous_1)
FNDA:2,(anonymous_2)
FNDA:18,(anonymous_3)
FNDA:1,(anonymous_4)
FNDA:1,(anonymous_5)
FNDA:8,(anonymous_6)
FNDA:1,(anonymous_7)
FNDA:8,(anonymous_8)
FNDA:31,(anonymous_9)
DA:7,1
DA:9,7
DA:11,7
DA:13,7
DA:15,7
DA:17,7
DA:18,2
DA:21,7
DA:22,2
DA:26,2
DA:29,2
DA:31,2
DA:32,18
DA:37,2
DA:38,2
DA:41,7
DA:44,7
DA:46,0
DA:49,7
DA:54,1
DA:60,1
DA:61,1
DA:63,1
DA:64,8
DA:67,1
DA:74,1
DA:75,1
DA:76,8
DA:78,1
DA:85,31
LF:30
LH:29
BRDA:29,0,0,2
BRDA:29,0,1,0
BRDA:44,1,0,0
BRDA:44,1,1,7
BRDA:49,2,0,2
BRDA:49,2,1,5
BRDA:86,3,0,12
BRDA:86,3,1,19
BRF:8
BRH:6
end_of_record
